<?xml version="1.0" encoding="UTF-8"?>
<!-- Generated by org.testng.reporters.JUnitReportReporter -->
<testsuite skipped="0" hostname="JarvishComputer" name="testcases.CreateLead" tests="1" failures="0" timestamp="05 Jan 2019 14:43:58 GMT" time="28.269" errors="0">
  <testcase name="createLead" time="28.269" classname="testcases.CreateLead"/>
</testsuite> <!-- testcases.CreateLead -->
