<?xml version="1.0" encoding="UTF-8"?>
<!-- Generated by org.testng.reporters.JUnitReportReporter -->
<testsuite skipped="0" hostname="JarvishComputer" name="testcases.Login" tests="1" failures="0" timestamp="30 Dec 2018 05:16:20 GMT" time="8.600" errors="0">
  <testcase name="login" time="8.600" classname="testcases.Login"/>
</testsuite> <!-- testcases.Login -->
