<?xml version="1.0" encoding="UTF-8"?>
<!-- Generated by org.testng.reporters.JUnitReportReporter -->
<testsuite skipped="0" hostname="JarvishComputer" name="tests.FixMyBugs" tests="1" failures="0" timestamp="06 Jan 2019 18:00:19 GMT" time="27.011" errors="0">
  <testcase name="test" time="27.011" classname="tests.FixMyBugs"/>
</testsuite> <!-- tests.FixMyBugs -->
