<?xml version="1.0" encoding="UTF-8"?>
<!-- Generated by org.testng.reporters.JUnitReportReporter -->
<testsuite skipped="0" hostname="JarvishComputer" name="testcases.EditLead" tests="1" failures="0" timestamp="05 Jan 2019 14:43:58 GMT" time="42.972" errors="0">
  <testcase name="editLead" time="42.972" classname="testcases.EditLead"/>
</testsuite> <!-- testcases.EditLead -->
