<?xml version="1.0" encoding="UTF-8"?>
<!-- Generated by org.testng.reporters.JUnitReportReporter -->
<testsuite skipped="0" hostname="JarvishComputer" name="reports.BasicReports" tests="1" failures="0" timestamp="05 Jan 2019 05:51:18 GMT" time="0.019" errors="0">
  <testcase name="report" time="0.019" classname="reports.BasicReports"/>
</testsuite> <!-- reports.BasicReports -->
