<?xml version="1.0" encoding="UTF-8"?>
<!-- Generated by org.testng.reporters.JUnitReportReporter -->
<testsuite skipped="0" hostname="JarvishComputer" name="projectDay.Zoomcar" tests="1" failures="0" timestamp="06 Jan 2019 18:31:32 GMT" time="23.913" errors="0">
  <testcase name="search" time="23.913" classname="projectDay.Zoomcar"/>
</testsuite> <!-- projectDay.Zoomcar -->
